[debug] [2020-02-01T15:33:44.539Z] ----------------------------------------------------------------------
[debug] [2020-02-01T15:33:44.540Z] Command:       /usr/local/bin/firebase /home/nhat/.cache/firebase/tools/lib/node_modules/firebase-tools/lib/bin/firebase deploy
[debug] [2020-02-01T15:33:44.540Z] CLI Version:   7.11.0
[debug] [2020-02-01T15:33:44.540Z] Platform:      linux
[debug] [2020-02-01T15:33:44.540Z] Node Version:  v10.17.0
[debug] [2020-02-01T15:33:44.543Z] Time:          Sat Feb 01 2020 22:33:44 GMT+0700 (Indochina Time)
[debug] [2020-02-01T15:33:44.543Z] ----------------------------------------------------------------------
[debug] [2020-02-01T15:33:44.543Z] 
[debug] [2020-02-01T15:33:44.551Z] > command requires scopes: ["email","openid","https://www.googleapis.com/auth/cloudplatformprojects.readonly","https://www.googleapis.com/auth/firebase","https://www.googleapis.com/auth/cloud-platform"]
[debug] [2020-02-01T15:33:44.551Z] > authorizing via signed-in user
[debug] [2020-02-01T15:33:44.551Z] [iam] checking project final-test-angular for permissions ["firebase.projects.get","firebasedatabase.instances.update","firebasehosting.sites.update"]
[debug] [2020-02-01T15:33:44.552Z] > refreshing access token with scopes: ["email","https://www.googleapis.com/auth/cloud-platform","https://www.googleapis.com/auth/cloudplatformprojects.readonly","https://www.googleapis.com/auth/firebase","openid"]
[debug] [2020-02-01T15:33:44.552Z] >>> HTTP REQUEST POST https://www.googleapis.com/oauth2/v3/token  
 <request body omitted>
[debug] [2020-02-01T15:33:44.751Z] <<< HTTP RESPONSE 200
[debug] [2020-02-01T15:33:44.763Z] >>> HTTP REQUEST POST https://cloudresourcemanager.googleapis.com/v1/projects/final-test-angular:testIamPermissions  

[debug] [2020-02-01T15:33:45.862Z] <<< HTTP RESPONSE 200
[debug] [2020-02-01T15:33:45.864Z] >>> HTTP REQUEST GET https://firebase.googleapis.com/v1beta1/projects/final-test-angular  
 
[debug] [2020-02-01T15:33:46.640Z] <<< HTTP RESPONSE 200
[info] 
[info] === Deploying to 'final-test-angular'...
[info] 
[info] i  deploying database, hosting
[info] i  database: checking rules syntax...
[debug] [2020-02-01T15:33:46.656Z] >>> HTTP REQUEST PUT https://final-test-angular.firebaseio.com/.settings/rules.json?dryRun=true  
 {
  "rules": {
    ".read": "auth != null",
    ".write": "auth != null"
  }
}
[debug] [2020-02-01T15:33:47.651Z] <<< HTTP RESPONSE 200
[info] ✔  database: rules syntax for database final-test-angular is valid
[debug] [2020-02-01T15:33:47.657Z] >>> HTTP REQUEST POST https://firebasehosting.googleapis.com/v1beta1/sites/final-test-angular/versions  

[debug] [2020-02-01T15:33:49.690Z] <<< HTTP RESPONSE 200
[info] i  hosting[final-test-angular]: beginning deploy...
[info] i  hosting[final-test-angular]: found 19 files in dist/theme
[debug] [2020-02-01T15:33:49.818Z] [hosting] hash cache [ZGlzdC90aGVtZQ] stored for 19 files
[debug] [2020-02-01T15:33:49.818Z] [hosting][hash queue][FINAL]
[debug] [2020-02-01T15:33:49.818Z] >>> HTTP REQUEST POST https://firebasehosting.googleapis.com/v1beta1/sites/final-test-angular/versions/4a029cba2f4ed17f:populateFiles  
 <request body omitted>
[debug] [2020-02-01T15:33:52.180Z] <<< HTTP RESPONSE 200
[debug] [2020-02-01T15:33:52.188Z] [hosting][populate queue][FINAL]
[debug] [2020-02-01T15:33:52.188Z] [hosting] uploads queued: 3
